{
"C:\\Users\\admin\\nodejs\\nodejs-for-net-developers\\chapter06\\src\\middleware\\users.js":{"path":"C:\\Users\\admin\\nodejs\\nodejs-for-net-developers\\chapter06\\src\\middleware\\users.js","s":{"1":1,"2":1,"3":3,"4":3,"5":2,"6":2,"7":3,"8":3},"b":{"1":[2,1]},"f":{"1":3},"fnMap":{"1":{"name":"(anonymous_1)","line":5,"loc":{"start":{"line":5,"column":17},"end":{"line":5,"column":42}}}},"statementMap":{"1":{"start":{"line":3,"column":0},"end":{"line":3,"column":29}},"2":{"start":{"line":5,"column":0},"end":{"line":15,"column":2}},"3":{"start":{"line":6,"column":4},"end":{"line":6,"column":36}},"4":{"start":{"line":7,"column":4},"end":{"line":10,"column":5}},"5":{"start":{"line":8,"column":8},"end":{"line":8,"column":27}},"6":{"start":{"line":9,"column":8},"end":{"line":9,"column":37}},"7":{"start":{"line":11,"column":4},"end":{"line":13,"column":6}},"8":{"start":{"line":14,"column":4},"end":{"line":14,"column":11}}},"branchMap":{"1":{"line":7,"type":"if","locations":[{"start":{"line":7,"column":4},"end":{"line":7,"column":4}},{"start":{"line":7,"column":4},"end":{"line":7,"column":4}}]}},"l":{"3":1,"5":1,"6":3,"7":3,"8":2,"9":2,"11":3,"14":3}},
"C:\\Users\\admin\\nodejs\\nodejs-for-net-developers\\chapter06\\src\\services\\games.js":{"path":"C:\\Users\\admin\\nodejs\\nodejs-for-net-developers\\chapter06\\src\\services\\games.js","s":{"1":1,"2":1,"3":6,"4":6,"5":6,"6":0,"7":0,"8":0,"9":0,"10":0,"11":4,"12":1,"13":6,"14":6,"15":6,"16":1,"17":5,"18":6,"19":1,"20":1,"21":0,"22":1,"23":4,"24":5},"b":{"1":[0,0]},"f":{"1":6,"2":0,"3":4},"fnMap":{"1":{"name":"(anonymous_1)","line":7,"loc":{"start":{"line":7,"column":15},"end":{"line":7,"column":33}}},"2":{"name":"(anonymous_2)","line":13,"loc":{"start":{"line":13,"column":15},"end":{"line":13,"column":27}}},"3":{"name":"(anonymous_3)","line":23,"loc":{"start":{"line":23,"column":10},"end":{"line":23,"column":13}}}},"statementMap":{"1":{"start":{"line":3,"column":0},"end":{"line":3,"column":17}},"2":{"start":{"line":4,"column":0},"end":{"line":4,"column":15}},"3":{"start":{"line":8,"column":8},"end":{"line":8,"column":21}},"4":{"start":{"line":9,"column":8},"end":{"line":9,"column":27}},"5":{"start":{"line":10,"column":8},"end":{"line":10,"column":39}},"6":{"start":{"line":14,"column":8},"end":{"line":14,"column":27}},"7":{"start":{"line":15,"column":8},"end":{"line":19,"column":9}},"8":{"start":{"line":16,"column":12},"end":{"line":18,"column":13}},"9":{"start":{"line":17,"column":16},"end":{"line":17,"column":34}},"10":{"start":{"line":20,"column":8},"end":{"line":20,"column":25}},"11":{"start":{"line":24,"column":8},"end":{"line":24,"column":45}},"12":{"start":{"line":28,"column":0},"end":{"line":32,"column":2}},"13":{"start":{"line":29,"column":4},"end":{"line":29,"column":53}},"14":{"start":{"line":30,"column":4},"end":{"line":30,"column":24}},"15":{"start":{"line":31,"column":4},"end":{"line":31,"column":19}},"16":{"start":{"line":34,"column":0},"end":{"line":35,"column":59}},"17":{"start":{"line":35,"column":10},"end":{"line":35,"column":58}},"18":{"start":{"line":35,"column":29},"end":{"line":35,"column":57}},"19":{"start":{"line":37,"column":0},"end":{"line":38,"column":58}},"20":{"start":{"line":38,"column":14},"end":{"line":38,"column":57}},"21":{"start":{"line":38,"column":35},"end":{"line":38,"column":56}},"22":{"start":{"line":40,"column":0},"end":{"line":41,"column":58}},"23":{"start":{"line":41,"column":14},"end":{"line":41,"column":57}},"24":{"start":{"line":41,"column":35},"end":{"line":41,"column":56}}},"branchMap":{"1":{"line":16,"type":"if","locations":[{"start":{"line":16,"column":12},"end":{"line":16,"column":12}},{"start":{"line":16,"column":12},"end":{"line":16,"column":12}}]}},"l":{"3":1,"4":1,"8":6,"9":6,"10":6,"14":0,"15":0,"16":0,"17":0,"20":0,"24":4,"28":1,"29":6,"30":6,"31":6,"34":1,"35":6,"37":1,"38":1,"40":1,"41":5}},
"C:\\Users\\admin\\nodejs\\nodejs-for-net-developers\\chapter06\\src\\routes\\games.js":{"path":"C:\\Users\\admin\\nodejs\\nodejs-for-net-developers\\chapter06\\src\\routes\\games.js","s":{"1":1,"2":1,"3":1,"4":1,"5":0,"6":0,"7":0,"8":0,"9":0,"10":1,"11":4,"12":4,"13":3,"14":1,"15":1,"16":0,"17":0,"18":1,"19":0,"20":0,"21":1,"22":4,"23":3,"24":2,"25":2,"26":1,"27":1,"28":0,"29":0,"30":1},"b":{"1":[0,0],"2":[0,0],"3":[3,1],"4":[2,1]},"f":{"1":0,"2":4,"3":0,"4":0,"5":4,"6":0},"fnMap":{"1":{"name":"(anonymous_1)","line":7,"loc":{"start":{"line":7,"column":17},"end":{"line":7,"column":42}}},"2":{"name":"(anonymous_2)","line":17,"loc":{"start":{"line":17,"column":24},"end":{"line":17,"column":52}}},"3":{"name":"(anonymous_3)","line":26,"loc":{"start":{"line":26,"column":19},"end":{"line":26,"column":44}}},"4":{"name":"(anonymous_4)","line":36,"loc":{"start":{"line":36,"column":28},"end":{"line":36,"column":53}}},"5":{"name":"(anonymous_5)","line":48,"loc":{"start":{"line":48,"column":22},"end":{"line":48,"column":47}}},"6":{"name":"(anonymous_6)","line":65,"loc":{"start":{"line":65,"column":27},"end":{"line":65,"column":52}}}},"statementMap":{"1":{"start":{"line":3,"column":0},"end":{"line":3,"column":35}},"2":{"start":{"line":4,"column":0},"end":{"line":4,"column":32}},"3":{"start":{"line":5,"column":0},"end":{"line":5,"column":45}},"4":{"start":{"line":7,"column":0},"end":{"line":15,"column":3}},"5":{"start":{"line":8,"column":4},"end":{"line":8,"column":31}},"6":{"start":{"line":9,"column":4},"end":{"line":14,"column":5}},"7":{"start":{"line":10,"column":8},"end":{"line":10,"column":55}},"8":{"start":{"line":11,"column":8},"end":{"line":11,"column":50}},"9":{"start":{"line":13,"column":8},"end":{"line":13,"column":101}},"10":{"start":{"line":17,"column":0},"end":{"line":24,"column":2}},"11":{"start":{"line":18,"column":4},"end":{"line":18,"column":33}},"12":{"start":{"line":19,"column":4},"end":{"line":23,"column":5}},"13":{"start":{"line":20,"column":8},"end":{"line":20,"column":23}},"14":{"start":{"line":22,"column":8},"end":{"line":22,"column":53}},"15":{"start":{"line":26,"column":0},"end":{"line":34,"column":3}},"16":{"start":{"line":27,"column":4},"end":{"line":33,"column":12}},"17":{"start":{"line":30,"column":16},"end":{"line":33,"column":10}},"18":{"start":{"line":36,"column":0},"end":{"line":46,"column":3}},"19":{"start":{"line":37,"column":4},"end":{"line":45,"column":6}},"20":{"start":{"line":41,"column":12},"end":{"line":43,"column":15}},"21":{"start":{"line":48,"column":0},"end":{"line":63,"column":3}},"22":{"start":{"line":49,"column":4},"end":{"line":62,"column":6}},"23":{"start":{"line":53,"column":12},"end":{"line":60,"column":13}},"24":{"start":{"line":54,"column":16},"end":{"line":54,"column":30}},"25":{"start":{"line":55,"column":16},"end":{"line":55,"column":27}},"26":{"start":{"line":57,"column":16},"end":{"line":59,"column":18}},"27":{"start":{"line":65,"column":0},"end":{"line":70,"column":3}},"28":{"start":{"line":66,"column":4},"end":{"line":69,"column":49}},"29":{"start":{"line":69,"column":16},"end":{"line":69,"column":47}},"30":{"start":{"line":72,"column":0},"end":{"line":72,"column":24}}},"branchMap":{"1":{"line":9,"type":"if","locations":[{"start":{"line":9,"column":4},"end":{"line":9,"column":4}},{"start":{"line":9,"column":4},"end":{"line":9,"column":4}}]},"2":{"line":9,"type":"binary-expr","locations":[{"start":{"line":9,"column":8},"end":{"line":9,"column":12}},{"start":{"line":9,"column":16},"end":{"line":9,"column":43}}]},"3":{"line":19,"type":"if","locations":[{"start":{"line":19,"column":4},"end":{"line":19,"column":4}},{"start":{"line":19,"column":4},"end":{"line":19,"column":4}}]},"4":{"line":53,"type":"if","locations":[{"start":{"line":53,"column":12},"end":{"line":53,"column":12}},{"start":{"line":53,"column":12},"end":{"line":53,"column":12}}]}},"l":{"3":1,"4":1,"5":1,"7":1,"8":0,"9":0,"10":0,"11":0,"13":0,"17":1,"18":4,"19":4,"20":3,"22":1,"26":1,"27":0,"30":0,"36":1,"37":0,"41":0,"48":1,"49":4,"53":3,"54":2,"55":2,"57":1,"65":1,"66":0,"69":0,"72":1}}}
