TN:
SF:C:\Users\admin\nodejs\nodejs-for-net-developers\chapter06\src\middleware\users.js
FN:5,(anonymous_1)
FNF:1
FNH:1
FNDA:3,(anonymous_1)
DA:3,1
DA:5,1
DA:6,3
DA:7,3
DA:8,2
DA:9,2
DA:11,3
DA:14,3
LF:8
LH:8
BRDA:7,1,0,2
BRDA:7,1,1,1
BRF:2
BRH:2
end_of_record
TN:
SF:C:\Users\admin\nodejs\nodejs-for-net-developers\chapter06\src\services\games.js
FN:7,(anonymous_1)
FN:13,(anonymous_2)
FN:23,(anonymous_3)
FNF:3
FNH:2
FNDA:6,(anonymous_1)
FNDA:0,(anonymous_2)
FNDA:4,(anonymous_3)
DA:3,1
DA:4,1
DA:8,6
DA:9,6
DA:10,6
DA:14,0
DA:15,0
DA:16,0
DA:17,0
DA:20,0
DA:24,4
DA:28,1
DA:29,6
DA:30,6
DA:31,6
DA:34,1
DA:35,6
DA:37,1
DA:38,1
DA:40,1
DA:41,5
LF:21
LH:16
BRDA:16,1,0,0
BRDA:16,1,1,0
BRF:2
BRH:0
end_of_record
TN:
SF:C:\Users\admin\nodejs\nodejs-for-net-developers\chapter06\src\routes\games.js
FN:7,(anonymous_1)
FN:17,(anonymous_2)
FN:26,(anonymous_3)
FN:36,(anonymous_4)
FN:48,(anonymous_5)
FN:65,(anonymous_6)
FNF:6
FNH:2
FNDA:0,(anonymous_1)
FNDA:4,(anonymous_2)
FNDA:0,(anonymous_3)
FNDA:0,(anonymous_4)
FNDA:4,(anonymous_5)
FNDA:0,(anonymous_6)
DA:3,1
DA:4,1
DA:5,1
DA:7,1
DA:8,0
DA:9,0
DA:10,0
DA:11,0
DA:13,0
DA:17,1
DA:18,4
DA:19,4
DA:20,3
DA:22,1
DA:26,1
DA:27,0
DA:30,0
DA:36,1
DA:37,0
DA:41,0
DA:48,1
DA:49,4
DA:53,3
DA:54,2
DA:55,2
DA:57,1
DA:65,1
DA:66,0
DA:69,0
DA:72,1
LF:30
LH:19
BRDA:9,1,0,0
BRDA:9,1,1,0
BRDA:9,2,0,0
BRDA:9,2,1,0
BRDA:19,3,0,3
BRDA:19,3,1,1
BRDA:53,4,0,2
BRDA:53,4,1,1
BRF:8
BRH:4
end_of_record
